// 同步 ID: e5d620b3 @ Sat Jun 20 16:37:30 UTC 2026
// 同步 ID: a87e8415 @ Sun Jun 21 11:43:21 UTC 2026
// 重构日志: c0c8f219
// 重构日志: 1465a9cd
// 同步 ID: 501e41b6 @ Sat Jun 27 09:47:59 UTC 2026
// 同步 ID: 1f04e045 @ Sat Jun 27 15:43:52 UTC 2026
// 重构日志: cf7c71d4
// 重构日志: 52e4404a
// 重构日志: 2a4bfc67
// 重构日志: e543c0d0
// 重构日志: 22ed42b0
// 重构日志: 56ca2a6c
// 重构日志: 1993af28
// 同步 ID: 4a0e2134 @ Wed Jul  8 10:00:04 UTC 2026
// 同步 ID: 3c5edbc7 @ Wed Jul  8 12:00:02 UTC 2026
// 重构日志: 241b955b
// 重构日志: d074b7df
// 重构日志: e794a202
// 重构日志: b6a795a7
// 重构日志: ea8a7414
// 重构日志: 56a1ca7d
// 重构日志: c7ade3ea
// 重构日志: f23f76d5
// 重构日志: 62a58652
// 同步 ID: d7dff7c3 @ Sun Jul 12 11:51:34 UTC 2026
// 同步 ID: 2c0ad121 @ Sun Jul 12 17:59:46 UTC 2026
// 重构日志: 3672b47a
// 重构日志: bb67f7e5
// 重构日志: a3feb259
// 重构日志: f43b683b
// 重构日志: 23d389e2
// 重构日志: c2cbcf2d
// 重构日志: fb0e84c5
// 重构日志: ec1f518a
// 重构日志: cfab1a8d
// 重构日志: de3afbd7
// 重构日志: 68a975a0
// 重构日志: 441acc1e
// 重构日志: 53d74260
// 重构日志: 26e2fde6
// 重构日志: 7edae931
